<?xml version="1.0" encoding="UTF-8"?>
<testsuite name="com.ge.predixlaunch.PredixlaunchApplicationTests" time="0.001" tests="1" errors="0" skipped="0" failures="0">
  <properties>
    <property name="java.runtime.name" value="Java(TM) SE Runtime Environment"/>
    <property name="sun.boot.library.path" value="C:\Users\502195958\work\jdk1.7.0_76\jre\bin"/>
    <property name="java.vm.version" value="24.76-b04"/>
    <property name="java.vm.vendor" value="Oracle Corporation"/>
    <property name="maven.multiModuleProjectDirectory" value="C:\Users\502195958\work\predix\apps\predixlaunch"/>
    <property name="java.vendor.url" value="http://java.oracle.com/"/>
    <property name="path.separator" value=";"/>
    <property name="guice.disable.misplaced.annotation.check" value="true"/>
    <property name="java.vm.name" value="Java HotSpot(TM) 64-Bit Server VM"/>
    <property name="file.encoding.pkg" value="sun.io"/>
    <property name="user.script" value=""/>
    <property name="user.country" value="US"/>
    <property name="sun.java.launcher" value="SUN_STANDARD"/>
    <property name="sun.os.patch.level" value="Service Pack 1"/>
    <property name="java.vm.specification.name" value="Java Virtual Machine Specification"/>
    <property name="user.dir" value="C:\Users\502195958\work\predix\apps\predixlaunch"/>
    <property name="java.runtime.version" value="1.7.0_76-b13"/>
    <property name="java.awt.graphicsenv" value="sun.awt.Win32GraphicsEnvironment"/>
    <property name="java.endorsed.dirs" value="C:\Users\502195958\work\jdk1.7.0_76\jre\lib\endorsed"/>
    <property name="os.arch" value="amd64"/>
    <property name="java.io.tmpdir" value="C:\Users\502195~1\AppData\Local\Temp\"/>
    <property name="line.separator" value="&#10;"/>
    <property name="java.vm.specification.vendor" value="Oracle Corporation"/>
    <property name="user.variant" value=""/>
    <property name="os.name" value="Windows 7"/>
    <property name="classworlds.conf" value="C:\maven\bin\..\bin\m2.conf"/>
    <property name="sun.jnu.encoding" value="Cp1252"/>
    <property name="java.library.path" value="C:\Users\502195958\work\jdk1.7.0_76\bin;C:\windows\Sun\Java\bin;C:\windows\system32;C:\windows;C:\windows\system32;C:\windows;C:\windows\System32\Wbem;C:\windows\System32\WindowsPowerShell\v1.0\;C:\Program Files\Adobe\Adobe PDF iFilter 9 for 64-bit platforms\bin\;C:\apache-ant\bin;C:\Java\jdk1.7\bin;C:\Python27;C:\Program Files (x86)\cvsnt;C:\predix\predix-core\3rdparty\play-2.2.3;C:\maven\bin;C:\Program Files\TortoiseGit\bin;C:\Program Files (x86)\CloudFoundry;C:\Program Files\Git\bin;C:\maven\bin;C:\Program Files (x86)\Cavaj Java Decompiler\cavaj.exe;C:\Ruby23-x64\bin\ruby.exe;."/>
    <property name="java.specification.name" value="Java Platform API Specification"/>
    <property name="java.class.version" value="51.0"/>
    <property name="sun.management.compiler" value="HotSpot 64-Bit Tiered Compilers"/>
    <property name="os.version" value="6.1"/>
    <property name="user.home" value="C:\Users\502195958"/>
    <property name="user.timezone" value="America/New_York"/>
    <property name="java.awt.printerjob" value="sun.awt.windows.WPrinterJob"/>
    <property name="java.specification.version" value="1.7"/>
    <property name="file.encoding" value="Cp1252"/>
    <property name="user.name" value="502195958"/>
    <property name="java.class.path" value="C:\maven\bin\..\boot\plexus-classworlds-2.5.2.jar"/>
    <property name="java.vm.specification.version" value="1.7"/>
    <property name="sun.arch.data.model" value="64"/>
    <property name="java.home" value="C:\Users\502195958\work\jdk1.7.0_76\jre"/>
    <property name="sun.java.command" value="org.codehaus.plexus.classworlds.launcher.Launcher clean install"/>
    <property name="java.specification.vendor" value="Oracle Corporation"/>
    <property name="user.language" value="en"/>
    <property name="awt.toolkit" value="sun.awt.windows.WToolkit"/>
    <property name="java.vm.info" value="mixed mode"/>
    <property name="java.version" value="1.7.0_76"/>
    <property name="java.ext.dirs" value="C:\Users\502195958\work\jdk1.7.0_76\jre\lib\ext;C:\windows\Sun\Java\lib\ext"/>
    <property name="sun.boot.class.path" value="C:\Users\502195958\work\jdk1.7.0_76\jre\lib\resources.jar;C:\Users\502195958\work\jdk1.7.0_76\jre\lib\rt.jar;C:\Users\502195958\work\jdk1.7.0_76\jre\lib\sunrsasign.jar;C:\Users\502195958\work\jdk1.7.0_76\jre\lib\jsse.jar;C:\Users\502195958\work\jdk1.7.0_76\jre\lib\jce.jar;C:\Users\502195958\work\jdk1.7.0_76\jre\lib\charsets.jar;C:\Users\502195958\work\jdk1.7.0_76\jre\lib\jfr.jar;C:\Users\502195958\work\jdk1.7.0_76\jre\classes"/>
    <property name="java.vendor" value="Oracle Corporation"/>
    <property name="maven.home" value="C:\maven\bin\.."/>
    <property name="file.separator" value="\"/>
    <property name="java.vendor.url.bug" value="http://bugreport.sun.com/bugreport/"/>
    <property name="sun.cpu.endian" value="little"/>
    <property name="sun.io.unicode.encoding" value="UnicodeLittle"/>
    <property name="sun.desktop" value="windows"/>
    <property name="sun.cpu.isalist" value="amd64"/>
  </properties>
  <testcase name="contextLoads" classname="com.ge.predixlaunch.PredixlaunchApplicationTests" time="0.001"/>
</testsuite>